Godot Engine v4.3.stable.official.77dcf97d8 - https://godotengine.org
Vulkan 1.3.280 - Forward+ - Using Device #0: NVIDIA - NVIDIA GeForce GTX 1060 3GB

USER WARNING: No small icon found, reusing 256x256 @32768 icon!
   at: set_native_icon (platform/windows/display_server_windows.cpp:3110)
started client
sent get lobby list
USER ERROR: Parse JSON failed. Error at line 0: Expected 'true','false' or 'null', got 'nolobbies'.
   at: parse_string (core/io/json.cpp:576)
sent get lobby list
USER ERROR: Parse JSON failed. Error at line 0: Expected 'true','false' or 'null', got 'nolobbies'.
   at: parse_string (core/io/json.cpp:576)
join game pressed
Got Candidate: 27580925 my id1138344471
Got Candidate: 27580925 my id1138344471
RTC peer connected: 27580925
can start game
start game pressed
USER WARNING: Collisions between two concave shapes are not supported.
USER WARNING: Collisions between two concave shapes are not supported.
   at: solve_static (servers/physics_3d/godot_collision_solver_3d.cpp:421)
USER WARNING: Collisions between two concave shapes are not supported.
   at: solve_static (servers/physics_3d/godot_collision_solver_3d.cpp:421)
USER WARNING: Collisions between two concave shapes are not supported.
   at: solve_static (servers/physics_3d/godot_collision_solver_3d.cpp:421)
   at: solve_static (servers/physics_3d/godot_collision_solver_3d.cpp:421)
USER ERROR: Ignoring sync data from non-authority or for missing node.
   at: on_sync_receive (modules/multiplayer/scene_replication_interface.cpp:880)
redteam = true red score noise player = 27580925
redteam = false blue concede noise player = 1138344471
RTC peer disconnected: 27580925
no can start game
main level is: main level:<Node3D#107072194146>
USER ERROR: Parse JSON failed. Error at line 0: Expected 'true','false' or 'null', got 'nolobbies'.
   at: parse_string (core/io/json.cpp:576)
USER ERROR: Parse JSON failed. Error at line 0: Expected 'true','false' or 'null', got 'nolobbies'.
   at: parse_string (core/io/json.cpp:576)
sent get lobby list
USER ERROR: Parse JSON failed. Error at line 0: Expected 'true','false' or 'null', got 'nolobbies'.
   at: parse_string (core/io/json.cpp:576)
USER ERROR: Parse JSON failed. Error at line 0: Expected 'true','false' or 'null', got 'nolobbies'.
   at: parse_string (core/io/json.cpp:576)
sent get lobby list
USER ERROR: Parse JSON failed. Error at line 0: Expected 'true','false' or 'null', got 'nolobbies'.
   at: parse_string (core/io/json.cpp:576)
join game pressed
Got Candidate: 266770642 my id1138344471
Got Candidate: 266770642 my id1138344471
RTC peer connected: 266770642
can start game
start game pressed
USER ERROR: Ignoring sync data from non-authority or for missing node.
   at: on_sync_receive (modules/multiplayer/scene_replication_interface.cpp:880)
USER ERROR: Ignoring sync data from non-authority or for missing node.
   at: on_sync_receive (modules/multiplayer/scene_replication_interface.cpp:880)
USER ERROR: Ignoring sync data from non-authority or for missing node.
   at: on_sync_receive (modules/multiplayer/scene_replication_interface.cpp:880)
USER ERROR: Ignoring sync data from non-authority or for missing node.
   at: on_sync_receive (modules/multiplayer/scene_replication_interface.cpp:880)
USER ERROR: Ignoring sync data from non-authority or for missing node.
   at: on_sync_receive (modules/multiplayer/scene_replication_interface.cpp:880)
USER ERROR: Ignoring sync data from non-authority or for missing node.
   at: on_sync_receive (modules/multiplayer/scene_replication_interface.cpp:880)
USER ERROR: Ignoring sync data from non-authority or for missing node.
   at: on_sync_receive (modules/multiplayer/scene_replication_interface.cpp:880)
USER ERROR: Ignoring sync data from non-authority or for missing node.
   at: on_sync_receive (modules/multiplayer/scene_replication_interface.cpp:880)
USER ERROR: Ignoring sync data from non-authority or for missing node.
   at: on_sync_receive (modules/multiplayer/scene_replication_interface.cpp:880)
USER ERROR: Ignoring sync data from non-authority or for missing node.
   at: on_sync_receive (modules/multiplayer/scene_replication_interface.cpp:880)
USER ERROR: Ignoring sync data from non-authority or for missing node.
   at: on_sync_receive (modules/multiplayer/scene_replication_interface.cpp:880)
redteam = true red score noise player = 266770642
redteam = false blue concede noise player = 1138344471
USER ERROR: Condition "!is_inside_tree()" is true. Returning: ERR_UNCONFIGURED
   at: rpcp (scene/main/node.cpp:801)
USER ERROR: Condition "!is_inside_tree()" is true. Returning: ERR_UNCONFIGURED
   at: rpcp (scene/main/node.cpp:801)
USER ERROR: Condition "!is_inside_tree()" is true. Returning: ERR_UNCONFIGURED
   at: rpcp (scene/main/node.cpp:801)
USER ERROR: Ignoring sync data from non-authority or for missing node.
   at: on_sync_receive (modules/multiplayer/scene_replication_interface.cpp:880)
USER ERROR: Ignoring sync data from non-authority or for missing node.
   at: on_sync_receive (modules/multiplayer/scene_replication_interface.cpp:880)
redteam = true red score noise player = 266770642
redteam = false blue concede noise player = 1138344471
USER ERROR: Ignoring sync data from non-authority or for missing node.
   at: on_sync_receive (modules/multiplayer/scene_replication_interface.cpp:880)
USER ERROR: Condition "!is_inside_tree()" is true. Returning: ERR_UNCONFIGURED
   at: rpcp (scene/main/node.cpp:801)
USER ERROR: Condition "!is_inside_tree()" is true. Returning: ERR_UNCONFIGURED
   at: rpcp (scene/main/node.cpp:801)
USER ERROR: Condition "!is_inside_tree()" is true. Returning: ERR_UNCONFIGURED
   at: rpcp (scene/main/node.cpp:801)
USER ERROR: Ignoring sync data from non-authority or for missing node.
   at: on_sync_receive (modules/multiplayer/scene_replication_interface.cpp:880)
USER ERROR: Ignoring sync data from non-authority or for missing node.
   at: on_sync_receive (modules/multiplayer/scene_replication_interface.cpp:880)
USER ERROR: Ignoring sync data from non-authority or for missing node.
   at: on_sync_receive (modules/multiplayer/scene_replication_interface.cpp:880)
USER ERROR: Ignoring sync data from non-authority or for missing node.
   at: on_sync_receive (modules/multiplayer/scene_replication_interface.cpp:880)
USER ERROR: Ignoring sync data from non-authority or for missing node.
   at: on_sync_receive (modules/multiplayer/scene_replication_interface.cpp:880)
USER ERROR: Ignoring sync data from non-authority or for missing node.
   at: on_sync_receive (modules/multiplayer/scene_replication_interface.cpp:880)
USER ERROR: Ignoring sync data from non-authority or for missing node.
   at: on_sync_receive (modules/multiplayer/scene_replication_interface.cpp:880)
redteam = true red score noise player = 266770642
redteam = false blue concede noise player = 1138344471
USER ERROR: Condition "!is_inside_tree()" is true. Returning: ERR_UNCONFIGURED
   at: rpcp (scene/main/node.cpp:801)
USER ERROR: Condition "!is_inside_tree()" is true. Returning: ERR_UNCONFIGURED
   at: rpcp (scene/main/node.cpp:801)
USER ERROR: Condition "!is_inside_tree()" is true. Returning: ERR_UNCONFIGURED
   at: rpcp (scene/main/node.cpp:801)
redteam = true red score noise player = 266770642
redteam = false blue concede noise player = 1138344471
USER ERROR: Condition "!is_inside_tree()" is true. Returning: ERR_UNCONFIGURED
   at: rpcp (scene/main/node.cpp:801)
USER ERROR: Condition "!is_inside_tree()" is true. Returning: ERR_UNCONFIGURED
   at: rpcp (scene/main/node.cpp:801)
USER ERROR: Condition "!is_inside_tree()" is true. Returning: ERR_UNCONFIGURED
   at: rpcp (scene/main/node.cpp:801)
redteam = false blue score noise
redteam = true red concede noise
USER ERROR: Condition "!is_inside_tree()" is true. Returning: ERR_UNCONFIGURED
   at: rpcp (scene/main/node.cpp:801)
USER ERROR: Condition "!is_inside_tree()" is true. Returning: ERR_UNCONFIGURED
   at: rpcp (scene/main/node.cpp:801)
USER ERROR: Condition "!is_inside_tree()" is true. Returning: ERR_UNCONFIGURED
   at: rpcp (scene/main/node.cpp:801)
redteam = false blue score noise
redteam = true red concede noise
USER ERROR: Condition "!is_inside_tree()" is true. Returning: ERR_UNCONFIGURED
   at: rpcp (scene/main/node.cpp:801)
USER ERROR: Condition "!is_inside_tree()" is true. Returning: ERR_UNCONFIGURED
   at: rpcp (scene/main/node.cpp:801)
USER ERROR: Condition "!is_inside_tree()" is true. Returning: ERR_UNCONFIGURED
   at: rpcp (scene/main/node.cpp:801)
USER ERROR: Ignoring sync data from non-authority or for missing node.
   at: on_sync_receive (modules/multiplayer/scene_replication_interface.cpp:880)
USER ERROR: Ignoring sync data from non-authority or for missing node.
   at: on_sync_receive (modules/multiplayer/scene_replication_interface.cpp:880)
redteam = true red score noise player = 266770642
redteam = true red score noise player = 266770642
redteam = false blue concede noise player = 1138344471
redteam = false blue concede noise player = 1138344471
redteam = true red score noise player = 266770642
redteam = false blue concede noise player = 1138344471
USER ERROR: Condition "!is_inside_tree()" is true. Returning: ERR_UNCONFIGURED
   at: rpcp (scene/main/node.cpp:801)
USER ERROR: Condition "!is_inside_tree()" is true. Returning: ERR_UNCONFIGURED
   at: rpcp (scene/main/node.cpp:801)
USER ERROR: Condition "!is_inside_tree()" is true. Returning: ERR_UNCONFIGURED
   at: rpcp (scene/main/node.cpp:801)
USER ERROR: Condition "!is_inside_tree()" is true. Returning: ERR_UNCONFIGURED
   at: rpcp (scene/main/node.cpp:801)
USER ERROR: Ignoring sync data from non-authority or for missing node.
   at: on_sync_receive (modules/multiplayer/scene_replication_interface.cpp:880)
redteam = true red score noise player = 266770642
redteam = false blue concede noise player = 1138344471
USER ERROR: Condition "!is_inside_tree()" is true. Returning: ERR_UNCONFIGURED
   at: rpcp (scene/main/node.cpp:801)
USER ERROR: Condition "!is_inside_tree()" is true. Returning: ERR_UNCONFIGURED
   at: rpcp (scene/main/node.cpp:801)
USER ERROR: Condition "!is_inside_tree()" is true. Returning: ERR_UNCONFIGURED
   at: rpcp (scene/main/node.cpp:801)
USER ERROR: Ignoring sync data from non-authority or for missing node.
   at: on_sync_receive (modules/multiplayer/scene_replication_interface.cpp:880)
USER ERROR: Ignoring sync data from non-authority or for missing node.
   at: on_sync_receive (modules/multiplayer/scene_replication_interface.cpp:880)
USER ERROR: Ignoring sync data from non-authority or for missing node.
   at: on_sync_receive (modules/multiplayer/scene_replication_interface.cpp:880)
USER ERROR: Ignoring sync data from non-authority or for missing node.
   at: on_sync_receive (modules/multiplayer/scene_replication_interface.cpp:880)
redteam = true red score noise player = 266770642
redteam = false blue concede noise player = 1138344471
USER ERROR: Condition "!is_inside_tree()" is true. Returning: ERR_UNCONFIGURED
   at: rpcp (scene/main/node.cpp:801)
USER ERROR: Condition "!is_inside_tree()" is true. Returning: ERR_UNCONFIGURED
   at: rpcp (scene/main/node.cpp:801)
USER ERROR: Condition "!is_inside_tree()" is true. Returning: ERR_UNCONFIGURED
   at: rpcp (scene/main/node.cpp:801)
redteam = false blue score noise
redteam = true red concede noise
USER ERROR: Condition "!is_inside_tree()" is true. Returning: ERR_UNCONFIGURED
   at: rpcp (scene/main/node.cpp:801)
USER ERROR: Condition "!is_inside_tree()" is true. Returning: ERR_UNCONFIGURED
   at: rpcp (scene/main/node.cpp:801)
USER ERROR: Condition "!is_inside_tree()" is true. Returning: ERR_UNCONFIGURED
   at: rpcp (scene/main/node.cpp:801)
USER ERROR: Ignoring sync data from non-authority or for missing node.
   at: on_sync_receive (modules/multiplayer/scene_replication_interface.cpp:880)
redteam = true red score noise player = 266770642
redteam = false blue concede noise player = 1138344471
USER ERROR: Condition "!is_inside_tree()" is true. Returning: ERR_UNCONFIGURED
   at: rpcp (scene/main/node.cpp:801)
USER ERROR: Condition "!is_inside_tree()" is true. Returning: ERR_UNCONFIGURED
   at: rpcp (scene/main/node.cpp:801)
USER ERROR: Condition "!is_inside_tree()" is true. Returning: ERR_UNCONFIGURED
   at: rpcp (scene/main/node.cpp:801)
redteam = true red score noise player = 266770642
redteam = false blue concede noise player = 1138344471
USER ERROR: Condition "!is_inside_tree()" is true. Returning: ERR_UNCONFIGURED
   at: rpcp (scene/main/node.cpp:801)
USER ERROR: Condition "!is_inside_tree()" is true. Returning: ERR_UNCONFIGURED
   at: rpcp (scene/main/node.cpp:801)
USER ERROR: Condition "!is_inside_tree()" is true. Returning: ERR_UNCONFIGURED
   at: rpcp (scene/main/node.cpp:801)
USER ERROR: Ignoring sync data from non-authority or for missing node.
   at: on_sync_receive (modules/multiplayer/scene_replication_interface.cpp:880)
USER ERROR: Ignoring sync data from non-authority or for missing node.
   at: on_sync_receive (modules/multiplayer/scene_replication_interface.cpp:880)
redteam = true red score noise player = 266770642
redteam = true red score noise player = 266770642
redteam = false blue concede noise player = 1138344471
redteam = false blue concede noise player = 1138344471
redteam = true red score noise player = 266770642
redteam = false blue concede noise player = 1138344471
USER ERROR: Condition "!is_inside_tree()" is true. Returning: ERR_UNCONFIGURED
   at: rpcp (scene/main/node.cpp:801)
USER ERROR: Condition "!is_inside_tree()" is true. Returning: ERR_UNCONFIGURED
   at: rpcp (scene/main/node.cpp:801)
USER ERROR: Condition "!is_inside_tree()" is true. Returning: ERR_UNCONFIGURED
   at: rpcp (scene/main/node.cpp:801)
USER ERROR: Condition "!is_inside_tree()" is true. Returning: ERR_UNCONFIGURED
   at: rpcp (scene/main/node.cpp:801)
redteam = true red score noise player = 266770642
redteam = false blue concede noise player = 1138344471
